<?xml version="1.0" encoding="UTF-8"?>
<!-- Generated by org.testng.reporters.JUnitReportReporter -->
<testsuite skipped="0" hostname="ATMECSINLT-033" name="atmecs.Testjdbc" tests="2" failures="0" timestamp="21 Aug 2019 14:30:29 GMT" time="0.130" errors="0">
  <testcase name="beforeconnection" time="0.006" classname="atmecs.Testjdbc"/>
  <testcase name="fetcinghdata" time="0.124" classname="atmecs.Testjdbc"/>
</testsuite> <!-- atmecs.Testjdbc -->
